2016-12-30 21:45:23: -- Analysis Started by Periodic Timer
2016-12-30 21:45:23: L: State file does not exist: H:/MyDOCS/c++/MiCo/_gsdata_/_file_state_v4._gs
2016-12-30 21:45:23: R: State file does not exist: H:/GIT/MICO/_gsdata_/_file_state_v4._gs
2016-12-30 21:45:23: Changes: 57, Conflicts: 0, CopyTime: 0, CopyState: 0/0, Errors: 0, All: 59
2016-12-30 21:45:23: Left to Right: Copy File: 56 
2016-12-30 21:45:23: Right to Left: Copy File: 1 
2016-12-30 21:45:23: == Sync Started by Periodic Timer
2016-12-30 21:45:23: Create Folder 'H:/GIT/MICO/bin'
2016-12-30 21:45:23: Create Folder 'H:/GIT/MICO/bin/Debug'
2016-12-30 21:45:23: On File Change Monitoring started on file:///H:/GIT/MICO
2016-12-30 21:45:23: Create Folder 'H:/GIT/MICO/include'
2016-12-30 21:45:23: On File Change Monitoring started on file:///H:/MyDOCS/c++/MiCo
2016-12-30 21:45:23: Create Folder 'H:/GIT/MICO/obj'
2016-12-30 21:45:23: Create Folder 'H:/GIT/MICO/obj/Debug'
2016-12-30 21:45:23: Create Folder 'H:/GIT/MICO/obj/Debug/boost'
2016-12-30 21:45:23: Create Folder 'H:/GIT/MICO/obj/Debug/boost/asio'
2016-12-30 21:45:23: Create Folder 'H:/GIT/MICO/obj/Debug/boost/asio/impl'
2016-12-30 21:45:23: Create Folder 'H:/GIT/MICO/obj/Debug/boost/fusion'
2016-12-30 21:45:23: Create Folder 'H:/GIT/MICO/obj/Debug/boost/fusion/include'
2016-12-30 21:45:23: Create Folder 'H:/GIT/MICO/obj/Debug/boost/spirit'
2016-12-30 21:45:23: Create Folder 'H:/GIT/MICO/obj/Debug/boost/spirit/home'
2016-12-30 21:45:23: Create Folder 'H:/GIT/MICO/obj/Debug/boost/spirit/home/support'
2016-12-30 21:45:23: Create Folder 'H:/GIT/MICO/obj/Debug/boost/spirit/home/support/char_encoding'
2016-12-30 21:45:23: Create Folder 'H:/GIT/MICO/obj/Debug/boost/spirit/home/support/char_encoding/unicode'
2016-12-30 21:45:23: Create Folder 'H:/GIT/MICO/obj/Debug/src'
2016-12-30 21:45:23: Create Folder 'H:/GIT/MICO/src'
2016-12-30 21:45:23: Copy New 'H:/GIT/MICO/.gitattributes' -> 'H:/MyDOCS/c++/MiCo/.gitattributes'
2016-12-30 21:45:23: Copy New 'H:/MyDOCS/c++/MiCo/bin/Debug/MiCo.exe' -> 'H:/GIT/MICO/bin/Debug/MiCo.exe'
2016-12-30 21:45:23: Copy New 'H:/MyDOCS/c++/MiCo/include/IMCFuncLib.h' -> 'H:/GIT/MICO/include/IMCFuncLib.h'
2016-12-30 21:45:23: Copy New 'H:/MyDOCS/c++/MiCo/include/MCCodeLine.h' -> 'H:/GIT/MICO/include/MCCodeLine.h'
2016-12-30 21:45:23: Copy New 'H:/MyDOCS/c++/MiCo/include/MCDataNode.h' -> 'H:/GIT/MICO/include/MCDataNode.h'
2016-12-30 21:45:23: Copy New 'H:/MyDOCS/c++/MiCo/include/MCEngine.h' -> 'H:/GIT/MICO/include/MCEngine.h'
2016-12-30 21:45:23: Copy New 'H:/MyDOCS/c++/MiCo/include/MCFParams.h' -> 'H:/GIT/MICO/include/MCFParams.h'
2016-12-30 21:45:23: Copy New 'H:/MyDOCS/c++/MiCo/include/MCFTemplate.h' -> 'H:/GIT/MICO/include/MCFTemplate.h'
2016-12-30 21:45:23: Copy New 'H:/MyDOCS/c++/MiCo/include/MCFunc.h' -> 'H:/GIT/MICO/include/MCFunc.h'
2016-12-30 21:45:23: Copy New 'H:/MyDOCS/c++/MiCo/include/MCFuncLibCore.h' -> 'H:/GIT/MICO/include/MCFuncLibCore.h'
2016-12-30 21:45:23: Copy New 'H:/MyDOCS/c++/MiCo/include/MCFuncRegister.h' -> 'H:/GIT/MICO/include/MCFuncRegister.h'
2016-12-30 21:45:23: Copy New 'H:/MyDOCS/c++/MiCo/include/MCRet.h' -> 'H:/GIT/MICO/include/MCRet.h'
2016-12-30 21:45:23: Copy New 'H:/MyDOCS/c++/MiCo/include/MCVar.h' -> 'H:/GIT/MICO/include/MCVar.h'
2016-12-30 21:45:23: Copy New 'H:/MyDOCS/c++/MiCo/main.cpp' -> 'H:/GIT/MICO/main.cpp'
2016-12-30 21:45:23: Copy New 'H:/MyDOCS/c++/MiCo/MiCo.cbp' -> 'H:/GIT/MICO/MiCo.cbp'
2016-12-30 21:45:23: Copy New 'H:/MyDOCS/c++/MiCo/MiCo.depend' -> 'H:/GIT/MICO/MiCo.depend'
2016-12-30 21:45:23: Copy New 'H:/MyDOCS/c++/MiCo/MiCo.layout' -> 'H:/GIT/MICO/MiCo.layout'
2016-12-30 21:45:23: Copy New 'H:/MyDOCS/c++/MiCo/obj/Debug/main.o' -> 'H:/GIT/MICO/obj/Debug/main.o'
2016-12-30 21:45:23: Copy New 'H:/MyDOCS/c++/MiCo/obj/Debug/src/IMCFuncLib.o' -> 'H:/GIT/MICO/obj/Debug/src/IMCFuncLib.o'
2016-12-30 21:45:23: Copy New 'H:/MyDOCS/c++/MiCo/obj/Debug/src/MCCodeLine.o' -> 'H:/GIT/MICO/obj/Debug/src/MCCodeLine.o'
2016-12-30 21:45:23: Copy New 'H:/MyDOCS/c++/MiCo/obj/Debug/src/MCDataNode.o' -> 'H:/GIT/MICO/obj/Debug/src/MCDataNode.o'
2016-12-30 21:45:23: Copy New 'H:/MyDOCS/c++/MiCo/obj/Debug/src/MCEngine.o' -> 'H:/GIT/MICO/obj/Debug/src/MCEngine.o'
2016-12-30 21:45:23: Copy New 'H:/MyDOCS/c++/MiCo/obj/Debug/src/MCFParams.o' -> 'H:/GIT/MICO/obj/Debug/src/MCFParams.o'
2016-12-30 21:45:23: Copy New 'H:/MyDOCS/c++/MiCo/obj/Debug/src/MCFTemplate.o' -> 'H:/GIT/MICO/obj/Debug/src/MCFTemplate.o'
2016-12-30 21:45:23: Copy New 'H:/MyDOCS/c++/MiCo/obj/Debug/src/MCFunc.o' -> 'H:/GIT/MICO/obj/Debug/src/MCFunc.o'
2016-12-30 21:45:23: Copy New 'H:/MyDOCS/c++/MiCo/obj/Debug/src/MCFuncLibCore.o' -> 'H:/GIT/MICO/obj/Debug/src/MCFuncLibCore.o'
2016-12-30 21:45:23: Copy New 'H:/MyDOCS/c++/MiCo/obj/Debug/src/MCFuncRegister.o' -> 'H:/GIT/MICO/obj/Debug/src/MCFuncRegister.o'
2016-12-30 21:45:23: Copy New 'H:/MyDOCS/c++/MiCo/obj/Debug/src/MCRet.o' -> 'H:/GIT/MICO/obj/Debug/src/MCRet.o'
2016-12-30 21:45:23: Copy New 'H:/MyDOCS/c++/MiCo/obj/Debug/src/MCVar.o' -> 'H:/GIT/MICO/obj/Debug/src/MCVar.o'
2016-12-30 21:45:23: Copy New 'H:/MyDOCS/c++/MiCo/src/IMCFuncLib.cpp' -> 'H:/GIT/MICO/src/IMCFuncLib.cpp'
2016-12-30 21:45:23: Copy New 'H:/MyDOCS/c++/MiCo/src/MCCodeLine.cpp' -> 'H:/GIT/MICO/src/MCCodeLine.cpp'
2016-12-30 21:45:23: Copy New 'H:/MyDOCS/c++/MiCo/src/MCDataNode.cpp' -> 'H:/GIT/MICO/src/MCDataNode.cpp'
2016-12-30 21:45:23: Copy New 'H:/MyDOCS/c++/MiCo/src/MCEngine.cpp' -> 'H:/GIT/MICO/src/MCEngine.cpp'
2016-12-30 21:45:23: Copy New 'H:/MyDOCS/c++/MiCo/src/MCFParams.cpp' -> 'H:/GIT/MICO/src/MCFParams.cpp'
2016-12-30 21:45:23: Copy New 'H:/MyDOCS/c++/MiCo/src/MCFTemplate.cpp' -> 'H:/GIT/MICO/src/MCFTemplate.cpp'
2016-12-30 21:45:23: Copy New 'H:/MyDOCS/c++/MiCo/src/MCFunc.cpp' -> 'H:/GIT/MICO/src/MCFunc.cpp'
2016-12-30 21:45:23: Copy New 'H:/MyDOCS/c++/MiCo/src/MCFuncLibCore.cpp' -> 'H:/GIT/MICO/src/MCFuncLibCore.cpp'
2016-12-30 21:45:23: Copy New 'H:/MyDOCS/c++/MiCo/src/MCFuncRegister.cpp' -> 'H:/GIT/MICO/src/MCFuncRegister.cpp'
2016-12-30 21:45:23: Copy New 'H:/MyDOCS/c++/MiCo/src/MCRet.cpp' -> 'H:/GIT/MICO/src/MCRet.cpp'
2016-12-30 21:45:23: Copy New 'H:/MyDOCS/c++/MiCo/src/MCVar.cpp' -> 'H:/GIT/MICO/src/MCVar.cpp'
2016-12-30 21:45:23: == Sync Complete. Time: 00:00:00, Speed: 0 байт/s, OK: 57, Errors: 0
2016-12-30 21:45:23: 
