2016-12-30 23:59:35: -- Analysis Started by On File Change Incremental
2016-12-30 23:59:35: Changes: 62, Conflicts: 0, CopyTime: 0, CopyState: 0/0, Errors: 0, All: 337
2016-12-30 23:59:35: Right to Left: Copy File: 62 
2016-12-30 23:59:35: == Sync Started by On File Change Incremental
2016-12-30 23:59:35: Create Folder 'H:/MyDOCS/c++/MiCo/.git/objects/14'
2016-12-30 23:59:35: Create Folder 'H:/MyDOCS/c++/MiCo/.git/objects/37'
2016-12-30 23:59:35: Create Folder 'H:/MyDOCS/c++/MiCo/.git/objects/50'
2016-12-30 23:59:35: Create Folder 'H:/MyDOCS/c++/MiCo/.git/objects/a6'
2016-12-30 23:59:35: Create Folder 'H:/MyDOCS/c++/MiCo/.git/objects/a9'
2016-12-30 23:59:35: Create Folder 'H:/MyDOCS/c++/MiCo/.git/objects/b1'
2016-12-30 23:59:35: Create Folder 'H:/MyDOCS/c++/MiCo/.git/objects/c7'
2016-12-30 23:59:35: Create Folder 'H:/MyDOCS/c++/MiCo/.git/objects/fa'
2016-12-30 23:59:35: == Sync Complete. Time: 00:00:00, Speed: 0 байт/s, OK: 8, Errors: 0
2016-12-30 23:59:36: -- Analysis Started by On File Change PostSync Re-Analyze
2016-12-30 23:59:36: Changes: 62, Conflicts: 0, CopyTime: 0, CopyState: 0/0, Errors: 0, All: 346
2016-12-30 23:59:36: Right to Left: Copy File: 62 
2016-12-30 23:59:36: == Sync Started by On File Change PostSync Re-Analyze
2016-12-30 23:59:36: Create Folder 'H:/MyDOCS/c++/MiCo/.git/objects/7f'
2016-12-30 23:59:36: Create Folder 'H:/MyDOCS/c++/MiCo/.git/objects/9d'
2016-12-30 23:59:36: Create Folder 'H:/MyDOCS/c++/MiCo/.git/objects/a5'
2016-12-30 23:59:36: Create Folder 'H:/MyDOCS/c++/MiCo/.git/objects/db'
2016-12-30 23:59:36: == Sync Complete. Time: 00:00:00, Speed: 0 байт/s, OK: 4, Errors: 0
2016-12-30 23:59:36: 
