2016-12-31 01:21:47: -- Analysis Started by On File Change Incremental
2016-12-31 01:21:47: L: State File has changed, so re-read it: H:/MyDOCS/c++/MiCo/_gsdata_/_file_state_v4._gs
2016-12-31 01:21:47: /bin/Debug/MiCo.exe: Conflict: File Modified on Both Sides
2016-12-31 01:21:47: /obj/Debug/src/MCEngine.o: Conflict: File Modified on Both Sides
2016-12-31 01:21:47: /src/MCEngine.cpp: Conflict: File Modified on Both Sides
2016-12-31 01:21:47: Changes: 102, Conflicts: 0, CopyTime: 0, CopyState: 0/129, Errors: 0, All: 439
2016-12-31 01:21:47: Left to Right: Copy File: 4 
2016-12-31 01:21:47: Right to Left: Copy File: 98 
2016-12-31 01:21:47: == Sync Started by On File Change Incremental
2016-12-31 01:21:47: Copy Over 'H:/MyDOCS/c++/MiCo/bin/Debug/MiCo.exe' -> 'H:/GIT/MICO/bin/Debug/MiCo.exe'
2016-12-31 01:21:47: Copy Over 'H:/MyDOCS/c++/MiCo/MiCo.depend' -> 'H:/GIT/MICO/MiCo.depend'
2016-12-31 01:21:47: Copy Over 'H:/MyDOCS/c++/MiCo/obj/Debug/src/MCEngine.o' -> 'H:/GIT/MICO/obj/Debug/src/MCEngine.o'
2016-12-31 01:21:47: Copy Over 'H:/MyDOCS/c++/MiCo/src/MCEngine.cpp' -> 'H:/GIT/MICO/src/MCEngine.cpp'
2016-12-31 01:21:47: == Sync Complete. Time: 00:00:00, Speed: 0 байт/s, OK: 133, Errors: 0
2016-12-31 01:21:48: -- Analysis Started by On File Change PostSync Re-Analyze
2016-12-31 01:21:48: Changes: 98, Conflicts: 0, CopyTime: 0, CopyState: 0/0, Errors: 0, All: 439
2016-12-31 01:21:48: Right to Left: Copy File: 98 
2016-12-31 01:21:48: == Sync Started by On File Change PostSync Re-Analyze
2016-12-31 01:21:48: == Sync Complete. Time: 00:00:00, Speed: 0 байт/s, OK: 0, Errors: 0
2016-12-31 01:21:48: 
