2016-12-30 23:59:29: -- Analysis Started by On File Change Incremental
2016-12-30 23:59:29: Changes: 42, Conflicts: 0, CopyTime: 0, CopyState: 0/0, Errors: 0, All: 278
2016-12-30 23:59:29: Right to Left: Copy File: 42 
2016-12-30 23:59:29: == Sync Started by On File Change Incremental
2016-12-30 23:59:29: Create Folder 'H:/MyDOCS/c++/MiCo/.git/objects/1c'
2016-12-30 23:59:29: Create Folder 'H:/MyDOCS/c++/MiCo/.git/objects/22'
2016-12-30 23:59:29: Create Folder 'H:/MyDOCS/c++/MiCo/.git/objects/23'
2016-12-30 23:59:29: Create Folder 'H:/MyDOCS/c++/MiCo/.git/objects/26'
2016-12-30 23:59:29: Create Folder 'H:/MyDOCS/c++/MiCo/.git/objects/2d'
2016-12-30 23:59:29: Create Folder 'H:/MyDOCS/c++/MiCo/.git/objects/51'
2016-12-30 23:59:29: Create Folder 'H:/MyDOCS/c++/MiCo/.git/objects/52'
2016-12-30 23:59:29: Create Folder 'H:/MyDOCS/c++/MiCo/.git/objects/5d'
2016-12-30 23:59:29: Create Folder 'H:/MyDOCS/c++/MiCo/.git/objects/67'
2016-12-30 23:59:29: Create Folder 'H:/MyDOCS/c++/MiCo/.git/objects/75'
2016-12-30 23:59:29: Create Folder 'H:/MyDOCS/c++/MiCo/.git/objects/95'
2016-12-30 23:59:29: Create Folder 'H:/MyDOCS/c++/MiCo/.git/objects/a2'
2016-12-30 23:59:29: Create Folder 'H:/MyDOCS/c++/MiCo/.git/objects/b3'
2016-12-30 23:59:29: == Sync Complete. Time: 00:00:00, Speed: 0 байт/s, OK: 13, Errors: 0
2016-12-30 23:59:30: -- Analysis Started by On File Change PostSync Re-Analyze
2016-12-30 23:59:30: Changes: 35, Conflicts: 0, CopyTime: 0, CopyState: 0/0, Errors: 0, All: 287
2016-12-30 23:59:30: Right to Left: Copy File: 35 
2016-12-30 23:59:30: == Sync Started by On File Change PostSync Re-Analyze
2016-12-30 23:59:30: Create Folder 'H:/MyDOCS/c++/MiCo/.git/objects/1f'
2016-12-30 23:59:30: Create Folder 'H:/MyDOCS/c++/MiCo/.git/objects/dc'
2016-12-30 23:59:30: Create Folder 'H:/MyDOCS/c++/MiCo/.git/objects/e5'
2016-12-30 23:59:30: == Sync Complete. Time: 00:00:00, Speed: 0 байт/s, OK: 3, Errors: 0
2016-12-30 23:59:30: 
