2016-12-30 23:59:26: -- Analysis Started by On File Change Incremental
2016-12-30 23:59:26: Changes: 20, Conflicts: 0, CopyTime: 0, CopyState: 0/0, Errors: 0, All: 242
2016-12-30 23:59:26: Right to Left: Copy File: 20 
2016-12-30 23:59:26: == Sync Started by On File Change Incremental
2016-12-30 23:59:26: Create Folder 'H:/MyDOCS/c++/MiCo/.git/objects/0b'
2016-12-30 23:59:26: Create Folder 'H:/MyDOCS/c++/MiCo/.git/objects/18'
2016-12-30 23:59:26: Create Folder 'H:/MyDOCS/c++/MiCo/.git/objects/1a'
2016-12-30 23:59:26: Create Folder 'H:/MyDOCS/c++/MiCo/.git/objects/35'
2016-12-30 23:59:26: Create Folder 'H:/MyDOCS/c++/MiCo/.git/objects/72'
2016-12-30 23:59:26: Create Folder 'H:/MyDOCS/c++/MiCo/.git/objects/9a'
2016-12-30 23:59:26: Create Folder 'H:/MyDOCS/c++/MiCo/.git/objects/b6'
2016-12-30 23:59:26: Create Folder 'H:/MyDOCS/c++/MiCo/.git/objects/f0'
2016-12-30 23:59:26: == Sync Complete. Time: 00:00:00, Speed: 0 байт/s, OK: 8, Errors: 0
2016-12-30 23:59:27: -- Analysis Started by On File Change PostSync Re-Analyze
2016-12-30 23:59:27: Changes: 20, Conflicts: 0, CopyTime: 0, CopyState: 0/0, Errors: 0, All: 252
2016-12-30 23:59:27: Right to Left: Copy File: 20 
2016-12-30 23:59:27: == Sync Started by On File Change PostSync Re-Analyze
2016-12-30 23:59:27: Create Folder 'H:/MyDOCS/c++/MiCo/.git/objects/15'
2016-12-30 23:59:27: Create Folder 'H:/MyDOCS/c++/MiCo/.git/objects/31'
2016-12-30 23:59:27: Create Folder 'H:/MyDOCS/c++/MiCo/.git/objects/6f'
2016-12-30 23:59:27: Create Folder 'H:/MyDOCS/c++/MiCo/.git/objects/c3'
2016-12-30 23:59:27: == Sync Complete. Time: 00:00:00, Speed: 0 байт/s, OK: 4, Errors: 0
2016-12-30 23:59:27: 
