2016-12-30 23:59:32: -- Analysis Started by On File Change Incremental
2016-12-30 23:59:32: Changes: 48, Conflicts: 0, CopyTime: 0, CopyState: 0/0, Errors: 0, All: 305
2016-12-30 23:59:32: Right to Left: Copy File: 48 
2016-12-30 23:59:32: == Sync Started by On File Change Incremental
2016-12-30 23:59:32: Create Folder 'H:/MyDOCS/c++/MiCo/.git/objects/41'
2016-12-30 23:59:32: Create Folder 'H:/MyDOCS/c++/MiCo/.git/objects/69'
2016-12-30 23:59:32: Create Folder 'H:/MyDOCS/c++/MiCo/.git/objects/7a'
2016-12-30 23:59:32: Create Folder 'H:/MyDOCS/c++/MiCo/.git/objects/83'
2016-12-30 23:59:32: Create Folder 'H:/MyDOCS/c++/MiCo/.git/objects/8d'
2016-12-30 23:59:32: Create Folder 'H:/MyDOCS/c++/MiCo/.git/objects/b4'
2016-12-30 23:59:32: Create Folder 'H:/MyDOCS/c++/MiCo/.git/objects/b5'
2016-12-30 23:59:32: Create Folder 'H:/MyDOCS/c++/MiCo/.git/objects/e7'
2016-12-30 23:59:32: == Sync Complete. Time: 00:00:00, Speed: 0 байт/s, OK: 8, Errors: 0
2016-12-30 23:59:33: -- Analysis Started by On File Change PostSync Re-Analyze
2016-12-30 23:59:33: Changes: 49, Conflicts: 0, CopyTime: 0, CopyState: 0/0, Errors: 0, All: 315
2016-12-30 23:59:33: Right to Left: Copy File: 49 
2016-12-30 23:59:33: == Sync Started by On File Change PostSync Re-Analyze
2016-12-30 23:59:33: Create Folder 'H:/MyDOCS/c++/MiCo/.git/objects/29'
2016-12-30 23:59:33: Create Folder 'H:/MyDOCS/c++/MiCo/.git/objects/54'
2016-12-30 23:59:33: Create Folder 'H:/MyDOCS/c++/MiCo/.git/objects/82'
2016-12-30 23:59:33: Create Folder 'H:/MyDOCS/c++/MiCo/.git/objects/d6'
2016-12-30 23:59:33: == Sync Complete. Time: 00:00:00, Speed: 0 байт/s, OK: 4, Errors: 0
2016-12-30 23:59:33: 
