2016-12-31 02:25:48: -- Analysis Started by On File Change Incremental
2016-12-31 02:25:48: Changes: 121, Conflicts: 0, CopyTime: 0, CopyState: 0/0, Errors: 0, All: 467
2016-12-31 02:25:48: Right to Left: Copy File: 121 
2016-12-31 02:25:48: == Sync Started by On File Change Incremental
2016-12-31 02:25:48: Create Folder 'H:/MyDOCS/c++/MiCo/.git/objects/16'
2016-12-31 02:25:48: Create Folder 'H:/MyDOCS/c++/MiCo/.git/objects/64'
2016-12-31 02:25:48: Create Folder 'H:/MyDOCS/c++/MiCo/.git/objects/71'
2016-12-31 02:25:48: Create Folder 'H:/MyDOCS/c++/MiCo/.git/objects/8a'
2016-12-31 02:25:48: Create Folder 'H:/MyDOCS/c++/MiCo/.git/objects/bd'
2016-12-31 02:25:48: Create Folder 'H:/MyDOCS/c++/MiCo/.git/objects/d9'
2016-12-31 02:25:48: Create Folder 'H:/MyDOCS/c++/MiCo/.git/objects/de'
2016-12-31 02:25:48: Create Folder 'H:/MyDOCS/c++/MiCo/.git/objects/f5'
2016-12-31 02:25:48: == Sync Complete. Time: 00:00:00, Speed: 0 байт/s, OK: 8, Errors: 0
2016-12-31 02:25:49: -- Analysis Started by On File Change PostSync Re-Analyze
2016-12-31 02:25:49: Changes: 122, Conflicts: 0, CopyTime: 0, CopyState: 0/0, Errors: 0, All: 477
2016-12-31 02:25:49: Right to Left: Copy File: 122 
2016-12-31 02:25:49: == Sync Started by On File Change PostSync Re-Analyze
2016-12-31 02:25:49: Create Folder 'H:/MyDOCS/c++/MiCo/.git/objects/20'
2016-12-31 02:25:49: Create Folder 'H:/MyDOCS/c++/MiCo/.git/objects/2c'
2016-12-31 02:25:49: Create Folder 'H:/MyDOCS/c++/MiCo/.git/objects/47'
2016-12-31 02:25:49: Copy New 'H:/GIT/MICO/.git/index.lock' -> 'H:/MyDOCS/c++/MiCo/.git/index.lock'
- ERROR: Error copying file: getting file info before copy: SibGetFileInfo: Не удается найти указанный файл.  (error 2)
2016-12-31 02:25:49: == Sync Complete. Time: 00:00:00, Speed: 0 байт/s, OK: 3, Errors: 1
2016-12-31 02:25:49: 
