2016-12-31 17:05:35: -- Analysis Started by On File Change Incremental
2016-12-31 17:05:35: Changes: 63, Conflicts: 0, CopyTime: 0, CopyState: 0/0, Errors: 0, All: 661
2016-12-31 17:05:35: Left to Right: Copy File: 6 
2016-12-31 17:05:35: Right to Left: Copy File: 57 
2016-12-31 17:05:35: == Sync Started by On File Change Incremental
2016-12-31 17:05:35: Copy New 'H:/MyDOCS/c++/MiCo/obj/Debug/src/MCEngine.o' -> 'H:/GIT/MICO/obj/Debug/src/MCEngine.o'
2016-12-31 17:05:35: Copy New 'H:/MyDOCS/c++/MiCo/obj/Debug/src/MCFParams.o' -> 'H:/GIT/MICO/obj/Debug/src/MCFParams.o'
2016-12-31 17:05:35: Copy New 'H:/MyDOCS/c++/MiCo/obj/Debug/src/MCFTemplate.o' -> 'H:/GIT/MICO/obj/Debug/src/MCFTemplate.o'
2016-12-31 17:05:35: Copy New 'H:/MyDOCS/c++/MiCo/obj/Debug/src/MCFunc.o' -> 'H:/GIT/MICO/obj/Debug/src/MCFunc.o'
2016-12-31 17:05:35: Copy New 'H:/MyDOCS/c++/MiCo/obj/Debug/src/MCFuncLibCore.o' -> 'H:/GIT/MICO/obj/Debug/src/MCFuncLibCore.o'
2016-12-31 17:05:35: Copy New 'H:/MyDOCS/c++/MiCo/obj/Debug/src/MCFuncRegister.o' -> 'H:/GIT/MICO/obj/Debug/src/MCFuncRegister.o'
2016-12-31 17:05:35: == Sync Complete. Time: 00:00:00, Speed: 0 байт/s, OK: 6, Errors: 0
2016-12-31 17:05:36: -- Analysis Started by On File Change PostSync Re-Analyze
2016-12-31 17:05:36: Changes: 58, Conflicts: 0, CopyTime: 0, CopyState: 0/0, Errors: 0, All: 661
2016-12-31 17:05:36: Left to Right: Copy File: 1 
2016-12-31 17:05:36: Right to Left: Copy File: 57 
2016-12-31 17:05:36: == Sync Started by On File Change PostSync Re-Analyze
2016-12-31 17:05:36: Copy New 'H:/MyDOCS/c++/MiCo/obj/Debug/src/MCRet.o' -> 'H:/GIT/MICO/obj/Debug/src/MCRet.o'
2016-12-31 17:05:36: == Sync Complete. Time: 00:00:00, Speed: 0 байт/s, OK: 1, Errors: 0
2016-12-31 17:05:36: 
