2016-12-30 22:22:51: -- Analysis Started by On File Change Incremental
2016-12-30 22:22:51: Changes: 29, Conflicts: 0, CopyTime: 0, CopyState: 0/0, Errors: 0, All: 159
2016-12-30 22:22:51: Right to Left: Copy File: 29 
2016-12-30 22:22:51: == Sync Started by On File Change Incremental
2016-12-30 22:22:51: Create Folder 'H:/MyDOCS/c++/MiCo/.git/objects/10'
2016-12-30 22:22:51: Create Folder 'H:/MyDOCS/c++/MiCo/.git/objects/3b'
2016-12-30 22:22:51: Create Folder 'H:/MyDOCS/c++/MiCo/.git/objects/70'
2016-12-30 22:22:51: Create Folder 'H:/MyDOCS/c++/MiCo/.git/objects/77'
2016-12-30 22:22:51: Create Folder 'H:/MyDOCS/c++/MiCo/.git/objects/7d'
2016-12-30 22:22:51: Create Folder 'H:/MyDOCS/c++/MiCo/.git/objects/84'
2016-12-30 22:22:51: Create Folder 'H:/MyDOCS/c++/MiCo/.git/objects/87'
2016-12-30 22:22:51: Create Folder 'H:/MyDOCS/c++/MiCo/.git/objects/cd'
2016-12-30 22:22:51: Create Folder 'H:/MyDOCS/c++/MiCo/.git/objects/d4'
2016-12-30 22:22:51: Create Folder 'H:/MyDOCS/c++/MiCo/.git/objects/d7'
2016-12-30 22:22:51: Create Folder 'H:/MyDOCS/c++/MiCo/.git/objects/df'
2016-12-30 22:22:51: Create Folder 'H:/MyDOCS/c++/MiCo/.git/objects/e6'
2016-12-30 22:22:51: Create Folder 'H:/MyDOCS/c++/MiCo/.git/objects/fc'
2016-12-30 22:22:51: Copy New 'H:/GIT/MICO/.git/objects/10/1fee4111d019cf9d053e2050c67491381fc7ba' -> 'H:/MyDOCS/c++/MiCo/.git/objects/10/1fee4111d019cf9d053e2050c67491381fc7ba'
2016-12-30 22:22:51: Copy New 'H:/GIT/MICO/.git/objects/3b/711ffc1752c2a7080688fa23265318e0d60569' -> 'H:/MyDOCS/c++/MiCo/.git/objects/3b/711ffc1752c2a7080688fa23265318e0d60569'
2016-12-30 22:22:51: Copy New 'H:/GIT/MICO/.git/objects/70/82f3c687c71c991bc90525363ccc0657fbac0f' -> 'H:/MyDOCS/c++/MiCo/.git/objects/70/82f3c687c71c991bc90525363ccc0657fbac0f'
2016-12-30 22:22:51: Copy New 'H:/GIT/MICO/.git/objects/77/d85d1ec17038ca5ff8e9d846582fac4e2d9e56' -> 'H:/MyDOCS/c++/MiCo/.git/objects/77/d85d1ec17038ca5ff8e9d846582fac4e2d9e56'
2016-12-30 22:22:51: Copy New 'H:/GIT/MICO/.git/objects/7d/641b52bc48ef1303d6dd62818d01a3aaaea57c' -> 'H:/MyDOCS/c++/MiCo/.git/objects/7d/641b52bc48ef1303d6dd62818d01a3aaaea57c'
2016-12-30 22:22:51: Copy New 'H:/GIT/MICO/.git/objects/84/1ee5bc759b828b3eb6c80ffbb69f9969f4e775' -> 'H:/MyDOCS/c++/MiCo/.git/objects/84/1ee5bc759b828b3eb6c80ffbb69f9969f4e775'
2016-12-30 22:22:51: Copy New 'H:/GIT/MICO/.git/objects/87/604f7ece60ab3aceb87ccb20dfe6de0b3310f6' -> 'H:/MyDOCS/c++/MiCo/.git/objects/87/604f7ece60ab3aceb87ccb20dfe6de0b3310f6'
2016-12-30 22:22:51: Copy New 'H:/GIT/MICO/.git/objects/87/f3f485857720061589fe9fa0fddeaa691be2b9' -> 'H:/MyDOCS/c++/MiCo/.git/objects/87/f3f485857720061589fe9fa0fddeaa691be2b9'
2016-12-30 22:22:51: Copy New 'H:/GIT/MICO/.git/objects/cc/9e5c97a3fe50026e788a6f4106bab3610efc0e' -> 'H:/MyDOCS/c++/MiCo/.git/objects/cc/9e5c97a3fe50026e788a6f4106bab3610efc0e'
2016-12-30 22:22:51: Copy New 'H:/GIT/MICO/.git/objects/cd/532f24298207c5c252422fdc89a746a57dc00b' -> 'H:/MyDOCS/c++/MiCo/.git/objects/cd/532f24298207c5c252422fdc89a746a57dc00b'
2016-12-30 22:22:51: Copy New 'H:/GIT/MICO/.git/objects/d4/99970c661576fc0b2ecbf87b4aa9d9e0f6fcc3' -> 'H:/MyDOCS/c++/MiCo/.git/objects/d4/99970c661576fc0b2ecbf87b4aa9d9e0f6fcc3'
2016-12-30 22:22:51: Copy New 'H:/GIT/MICO/.git/objects/d5/4bdf5c0201e18babaa22537b894d100367f669' -> 'H:/MyDOCS/c++/MiCo/.git/objects/d5/4bdf5c0201e18babaa22537b894d100367f669'
2016-12-30 22:22:51: Copy New 'H:/GIT/MICO/.git/objects/d7/7874a07a302ca947cd6fc03fa15d38542aeb5c' -> 'H:/MyDOCS/c++/MiCo/.git/objects/d7/7874a07a302ca947cd6fc03fa15d38542aeb5c'
2016-12-30 22:22:51: Copy New 'H:/GIT/MICO/.git/objects/df/4006009b3183af70f6ced656e9d266a7068e09' -> 'H:/MyDOCS/c++/MiCo/.git/objects/df/4006009b3183af70f6ced656e9d266a7068e09'
2016-12-30 22:22:51: Copy New 'H:/GIT/MICO/.git/objects/e6/9de29bb2d1d6434b8b29ae775ad8c2e48c5391' -> 'H:/MyDOCS/c++/MiCo/.git/objects/e6/9de29bb2d1d6434b8b29ae775ad8c2e48c5391'
2016-12-30 22:22:51: Copy New 'H:/GIT/MICO/.git/objects/fc/f0c5e2e17be92e2dd070f7db04310b6264fb34' -> 'H:/MyDOCS/c++/MiCo/.git/objects/fc/f0c5e2e17be92e2dd070f7db04310b6264fb34'
2016-12-30 22:22:51: == Sync Complete. Time: 00:00:00, Speed: 0 байт/s, OK: 29, Errors: 0
2016-12-30 22:22:53: -- Analysis Started by On File Change PostSync Re-Analyze
2016-12-30 22:22:53: Changes: 24, Conflicts: 0, CopyTime: 0, CopyState: 0/0, Errors: 0, All: 187
2016-12-30 22:22:53: Right to Left: Copy File: 24 
2016-12-30 22:22:53: == Sync Started by On File Change PostSync Re-Analyze
2016-12-30 22:22:53: Create Folder 'H:/MyDOCS/c++/MiCo/.git/logs/refs/heads'
2016-12-30 22:22:53: Create Folder 'H:/MyDOCS/c++/MiCo/.git/objects/05'
2016-12-30 22:22:53: Create Folder 'H:/MyDOCS/c++/MiCo/.git/objects/1b'
2016-12-30 22:22:53: Create Folder 'H:/MyDOCS/c++/MiCo/.git/objects/2f'
2016-12-30 22:22:53: Create Folder 'H:/MyDOCS/c++/MiCo/.git/objects/43'
2016-12-30 22:22:53: Create Folder 'H:/MyDOCS/c++/MiCo/.git/objects/6e'
2016-12-30 22:22:53: Create Folder 'H:/MyDOCS/c++/MiCo/.git/objects/74'
2016-12-30 22:22:53: Create Folder 'H:/MyDOCS/c++/MiCo/.git/objects/ad'
2016-12-30 22:22:53: Create Folder 'H:/MyDOCS/c++/MiCo/.git/objects/c8'
2016-12-30 22:22:53: Create Folder 'H:/MyDOCS/c++/MiCo/.git/objects/e3'
2016-12-30 22:22:53: Create Folder 'H:/MyDOCS/c++/MiCo/.git/objects/ef'
2016-12-30 22:22:53: Create Folder 'H:/MyDOCS/c++/MiCo/.git/refs/heads'
2016-12-30 22:22:53: Copy New 'H:/GIT/MICO/.git/COMMIT_EDITMSG' -> 'H:/MyDOCS/c++/MiCo/.git/COMMIT_EDITMSG'
2016-12-30 22:22:53: Copy New 'H:/GIT/MICO/.git/objects/05/c372c883ae83940a97aca193f02cc8b2978e92' -> 'H:/MyDOCS/c++/MiCo/.git/objects/05/c372c883ae83940a97aca193f02cc8b2978e92'
2016-12-30 22:22:53: Copy New 'H:/GIT/MICO/.git/objects/1b/a61d759e691b99f5d9a8294eb9db2610d8eba1' -> 'H:/MyDOCS/c++/MiCo/.git/objects/1b/a61d759e691b99f5d9a8294eb9db2610d8eba1'
2016-12-30 22:22:53: Copy New 'H:/GIT/MICO/.git/objects/2f/915190b8ab2e86df07f69bd8b502f25d0c9f23' -> 'H:/MyDOCS/c++/MiCo/.git/objects/2f/915190b8ab2e86df07f69bd8b502f25d0c9f23'
2016-12-30 22:22:53: Copy New 'H:/GIT/MICO/.git/objects/43/3750b8b4544daed6bce070dc24c3824f29c0c0' -> 'H:/MyDOCS/c++/MiCo/.git/objects/43/3750b8b4544daed6bce070dc24c3824f29c0c0'
2016-12-30 22:22:53: Copy New 'H:/GIT/MICO/.git/objects/6e/cde6e8d6158a566c881446019bac863c2c73f9' -> 'H:/MyDOCS/c++/MiCo/.git/objects/6e/cde6e8d6158a566c881446019bac863c2c73f9'
2016-12-30 22:22:53: Copy New 'H:/GIT/MICO/.git/objects/74/2327968a4ac22b82d30dd22ca27efe005fa90e' -> 'H:/MyDOCS/c++/MiCo/.git/objects/74/2327968a4ac22b82d30dd22ca27efe005fa90e'
2016-12-30 22:22:53: Copy New 'H:/GIT/MICO/.git/objects/ad/66b2ae8c6a8425c48afc65537ea46e78ffa1e2' -> 'H:/MyDOCS/c++/MiCo/.git/objects/ad/66b2ae8c6a8425c48afc65537ea46e78ffa1e2'
2016-12-30 22:22:53: Copy New 'H:/GIT/MICO/.git/objects/c0/bf0d1ca95e7a03359165f1caa34e679a86dad9' -> 'H:/MyDOCS/c++/MiCo/.git/objects/c0/bf0d1ca95e7a03359165f1caa34e679a86dad9'
2016-12-30 22:22:53: Copy New 'H:/GIT/MICO/.git/objects/c8/c7df308dacec81fe3763d7bcc7b0bb5ad538f9' -> 'H:/MyDOCS/c++/MiCo/.git/objects/c8/c7df308dacec81fe3763d7bcc7b0bb5ad538f9'
2016-12-30 22:22:53: Copy New 'H:/GIT/MICO/.git/objects/e3/7637ac98c084db9c84dafc68b046803d8e77a4' -> 'H:/MyDOCS/c++/MiCo/.git/objects/e3/7637ac98c084db9c84dafc68b046803d8e77a4'
2016-12-30 22:22:53: Copy New 'H:/GIT/MICO/.git/objects/ef/4320e6f3630ec80d2fb8e04b22376b482df41c' -> 'H:/MyDOCS/c++/MiCo/.git/objects/ef/4320e6f3630ec80d2fb8e04b22376b482df41c'
2016-12-30 22:22:53: == Sync Complete. Time: 00:00:00, Speed: 0 байт/s, OK: 24, Errors: 0
2016-12-30 22:22:53: 
