2017-01-01 12:20:17: -- Analysis Started by On File Change Incremental
2017-01-01 12:20:17: L: State File has changed, so re-read it: H:/MyDOCS/c++/MiCo/_gsdata_/_file_state_v4._gs
2017-01-01 12:20:17: /src/MCEngine.cpp: Conflict: File Modified on Both Sides
2017-01-01 12:20:17: Changes: 7, Conflicts: 0, CopyTime: 0, CopyState: 0/9, Errors: 0, All: 502
2017-01-01 12:20:17: Left to Right: Copy File: 7 
2017-01-01 12:20:17: == Sync Started by On File Change Incremental
2017-01-01 12:20:17: Copy Over 'H:/MyDOCS/c++/MiCo/bin/Debug/MiCo.exe' -> 'H:/GIT/MICO/bin/Debug/MiCo.exe'
2017-01-01 12:20:17: Copy Over 'H:/MyDOCS/c++/MiCo/obj/Debug/src/MCEngine.o' -> 'H:/GIT/MICO/obj/Debug/src/MCEngine.o'
2017-01-01 12:20:17: Copy Over 'H:/MyDOCS/c++/MiCo/obj/Debug/src/MCFunc.o' -> 'H:/GIT/MICO/obj/Debug/src/MCFunc.o'
2017-01-01 12:20:17: Copy Over 'H:/MyDOCS/c++/MiCo/obj/Debug/src/MCFuncLibCore.o' -> 'H:/GIT/MICO/obj/Debug/src/MCFuncLibCore.o'
2017-01-01 12:20:17: Copy Over 'H:/MyDOCS/c++/MiCo/obj/Debug/src/MCFuncRegister.o' -> 'H:/GIT/MICO/obj/Debug/src/MCFuncRegister.o'
2017-01-01 12:20:17: Copy Over 'H:/MyDOCS/c++/MiCo/obj/Debug/src/MCTextLine.o' -> 'H:/GIT/MICO/obj/Debug/src/MCTextLine.o'
2017-01-01 12:20:17: Copy Over 'H:/MyDOCS/c++/MiCo/src/MCEngine.cpp' -> 'H:/GIT/MICO/src/MCEngine.cpp'
2017-01-01 12:20:17: == Sync Complete. Time: 00:00:00, Speed: 0 байт/s, OK: 16, Errors: 0
2017-01-01 12:20:18: -- Analysis Started by On File Change PostSync Re-Analyze
2017-01-01 12:20:18: Changes: 1, Conflicts: 0, CopyTime: 0, CopyState: 0/0, Errors: 0, All: 502
2017-01-01 12:20:18: Left to Right: Copy File: 1 
2017-01-01 12:20:18: == Sync Started by On File Change PostSync Re-Analyze
2017-01-01 12:20:18: Copy Over 'H:/MyDOCS/c++/MiCo/MiCo.depend' -> 'H:/GIT/MICO/MiCo.depend'
2017-01-01 12:20:18: == Sync Complete. Time: 00:00:00, Speed: 0 байт/s, OK: 1, Errors: 0
2017-01-01 12:20:18: 
