2017-01-04 01:00:00: -- Analysis Started by On File Change Incremental
2017-01-04 01:00:00: Changes: 17, Conflicts: 0, CopyTime: 0, CopyState: 0/0, Errors: 0, All: 1168
2017-01-04 01:00:00: Left to Right: Copy File: 2 Delete File: 15 
2017-01-04 01:00:00: == Sync Started by On File Change Incremental
2017-01-04 01:00:00: Delete File 'H:/GIT/MICO/bin/Debug/MiCo.exe'
2017-01-04 01:00:00: Delete File 'H:/GIT/MICO/obj/Debug/MiCo/main.o'
2017-01-04 01:00:00: Delete File 'H:/GIT/MICO/obj/Debug/MiCo/src/IMCFuncLib.o'
2017-01-04 01:00:00: Delete File 'H:/GIT/MICO/obj/Debug/MiCo/src/MCCodeLine.o'
2017-01-04 01:00:00: Delete File 'H:/GIT/MICO/obj/Debug/MiCo/src/MCDataNode.o'
2017-01-04 01:00:00: Delete File 'H:/GIT/MICO/obj/Debug/MiCo/src/MCEngine.o'
2017-01-04 01:00:01: Delete File 'H:/GIT/MICO/obj/Debug/MiCo/src/MCFParams.o'
2017-01-04 01:00:01: Delete File 'H:/GIT/MICO/obj/Debug/MiCo/src/MCFTemplate.o'
2017-01-04 01:00:01: Delete File 'H:/GIT/MICO/obj/Debug/MiCo/src/MCFunc.o'
2017-01-04 01:00:01: Delete File 'H:/GIT/MICO/obj/Debug/MiCo/src/MCFuncLibCore.o'
2017-01-04 01:00:01: Delete File 'H:/GIT/MICO/obj/Debug/MiCo/src/MCFuncRegister.o'
2017-01-04 01:00:01: Delete File 'H:/GIT/MICO/obj/Debug/MiCo/src/MCRet.o'
2017-01-04 01:00:01: Delete File 'H:/GIT/MICO/obj/Debug/MiCo/src/MCTextLine.o'
2017-01-04 01:00:01: Delete File 'H:/GIT/MICO/obj/Debug/MiCo/src/MCVar.o'
2017-01-04 01:00:01: Delete File 'H:/GIT/MICO/obj/Debug/MiCo/src/MCXMLEngine.o'
2017-01-04 01:00:01: Copy Over 'H:/MyDOCS/c++/MiCo/obj/Debug/pugixml-master/src/pugixml.o' -> 'H:/GIT/MICO/obj/Debug/pugixml-master/src/pugixml.o'
2017-01-04 01:00:01: Copy Over 'H:/MyDOCS/c++/MiCo/src/MCEngine.cpp' -> 'H:/GIT/MICO/src/MCEngine.cpp'
2017-01-04 01:00:01: == Sync Complete. Time: 00:00:01, Speed: 775 КБ/s, OK: 17, Errors: 0
2017-01-04 01:00:02: -- Analysis Started by On File Change PostSync Re-Analyze
2017-01-04 01:00:02: Changes: 1, Conflicts: 0, CopyTime: 0, CopyState: 0/0, Errors: 0, All: 1168
2017-01-04 01:00:02: Left to Right: Copy File: 1 
2017-01-04 01:00:02: == Sync Started by On File Change PostSync Re-Analyze
2017-01-04 01:00:02: Copy New 'H:/MyDOCS/c++/MiCo/obj/Debug/MiCo/main.o' -> 'H:/GIT/MICO/obj/Debug/MiCo/main.o'
2017-01-04 01:00:02: == Sync Complete. Time: 00:00:00, Speed: 0 байт/s, OK: 1, Errors: 0
2017-01-04 01:00:02: 
