2017-01-02 01:13:33: -- Analysis Started by On File Change Incremental
2017-01-02 01:13:33: Changes: 14, Conflicts: 0, CopyTime: 0, CopyState: 0/0, Errors: 0, All: 381
2017-01-02 01:13:33: Left to Right: Copy File: 5 Delete File: 9 
2017-01-02 01:13:33: == Sync Started by On File Change Incremental
2017-01-02 01:13:33: Delete File 'H:/GIT/MICO/bin/Debug/MiCo.exe'
2017-01-02 01:13:33: Delete File 'H:/GIT/MICO/obj/Debug/src/MCFParams.o'
2017-01-02 01:13:33: Delete File 'H:/GIT/MICO/obj/Debug/src/MCFTemplate.o'
2017-01-02 01:13:33: Delete File 'H:/GIT/MICO/obj/Debug/src/MCFunc.o'
2017-01-02 01:13:33: Delete File 'H:/GIT/MICO/obj/Debug/src/MCFuncLibCore.o'
2017-01-02 01:13:33: Delete File 'H:/GIT/MICO/obj/Debug/src/MCFuncRegister.o'
2017-01-02 01:13:33: Delete File 'H:/GIT/MICO/obj/Debug/src/MCRet.o'
2017-01-02 01:13:33: Delete File 'H:/GIT/MICO/obj/Debug/src/MCTextLine.o'
2017-01-02 01:13:33: Delete File 'H:/GIT/MICO/obj/Debug/src/MCVar.o'
2017-01-02 01:13:33: Copy Over 'H:/MyDOCS/c++/MiCo/obj/Debug/main.o' -> 'H:/GIT/MICO/obj/Debug/main.o'
2017-01-02 01:13:33: Copy Over 'H:/MyDOCS/c++/MiCo/obj/Debug/src/IMCFuncLib.o' -> 'H:/GIT/MICO/obj/Debug/src/IMCFuncLib.o'
2017-01-02 01:13:33: Copy Over 'H:/MyDOCS/c++/MiCo/obj/Debug/src/MCCodeLine.o' -> 'H:/GIT/MICO/obj/Debug/src/MCCodeLine.o'
2017-01-02 01:13:33: Copy Over 'H:/MyDOCS/c++/MiCo/obj/Debug/src/MCDataNode.o' -> 'H:/GIT/MICO/obj/Debug/src/MCDataNode.o'
2017-01-02 01:13:33: Copy Over 'H:/MyDOCS/c++/MiCo/obj/Debug/src/MCEngine.o' -> 'H:/GIT/MICO/obj/Debug/src/MCEngine.o'
2017-01-02 01:13:33: == Sync Complete. Time: 00:00:00, Speed: 0 байт/s, OK: 14, Errors: 0
2017-01-02 01:13:34: -- Analysis Started by On File Change PostSync Re-Analyze
2017-01-02 01:13:34: Changes: 1, Conflicts: 0, CopyTime: 0, CopyState: 0/0, Errors: 0, All: 381
2017-01-02 01:13:34: Left to Right: Copy File: 1 
2017-01-02 01:13:34: == Sync Started by On File Change PostSync Re-Analyze
2017-01-02 01:13:34: Copy Over 'H:/MyDOCS/c++/MiCo/obj/Debug/src/MCEngine.o' -> 'H:/GIT/MICO/obj/Debug/src/MCEngine.o'
2017-01-02 01:13:34: == Sync Complete. Time: 00:00:00, Speed: 0 байт/s, OK: 1, Errors: 0
2017-01-02 01:13:34: 
