2017-01-02 23:52:46: -- Analysis Started by On File Change Incremental
2017-01-02 23:52:46: L: State File has changed, so re-read it: H:/MyDOCS/c++/MiCo/_gsdata_/_file_state_v4._gs
2017-01-02 23:52:46: /bin/Debug/MiCo.exe: Conflict: File Modified on Both Sides
2017-01-02 23:52:46: /obj/Debug/MiCo/src/MCEngine.o: Conflict: File Modified on Both Sides
2017-01-02 23:52:46: Changes: 16, Conflicts: 0, CopyTime: 0, CopyState: 0/18, Errors: 0, All: 715
2017-01-02 23:52:46: Left to Right: Copy File: 2 Delete File: 14 
2017-01-02 23:52:46: == Sync Started by On File Change Incremental
2017-01-02 23:52:46: Delete File 'H:/GIT/MICO/bin/Debug/MiCo.exe'
2017-01-02 23:52:46: Delete File 'H:/GIT/MICO/obj/Debug/MiCo/src/IMCFuncLib.o'
2017-01-02 23:52:46: Delete File 'H:/GIT/MICO/obj/Debug/MiCo/src/MCCodeLine.o'
2017-01-02 23:52:46: Delete File 'H:/GIT/MICO/obj/Debug/MiCo/src/MCDataNode.o'
2017-01-02 23:52:46: Delete File 'H:/GIT/MICO/obj/Debug/MiCo/src/MCEngine.o'
2017-01-02 23:52:46: Delete File 'H:/GIT/MICO/obj/Debug/MiCo/src/MCFParams.o'
2017-01-02 23:52:46: Delete File 'H:/GIT/MICO/obj/Debug/MiCo/src/MCFTemplate.o'
2017-01-02 23:52:46: Delete File 'H:/GIT/MICO/obj/Debug/MiCo/src/MCFunc.o'
2017-01-02 23:52:46: Delete File 'H:/GIT/MICO/obj/Debug/MiCo/src/MCFuncLibCore.o'
2017-01-02 23:52:46: Delete File 'H:/GIT/MICO/obj/Debug/MiCo/src/MCFuncRegister.o'
2017-01-02 23:52:46: Delete File 'H:/GIT/MICO/obj/Debug/MiCo/src/MCRet.o'
2017-01-02 23:52:46: Delete File 'H:/GIT/MICO/obj/Debug/MiCo/src/MCTextLine.o'
2017-01-02 23:52:46: Delete File 'H:/GIT/MICO/obj/Debug/MiCo/src/MCVar.o'
2017-01-02 23:52:46: Delete File 'H:/GIT/MICO/obj/Debug/MiCo/src/MCXMLEngine.o'
2017-01-02 23:52:46: Copy Over 'H:/MyDOCS/c++/MiCo/obj/Debug/MiCo/main.o' -> 'H:/GIT/MICO/obj/Debug/MiCo/main.o'
2017-01-02 23:52:46: Copy Over 'H:/MyDOCS/c++/MiCo/obj/Debug/pugixml-master/src/pugixml.o' -> 'H:/GIT/MICO/obj/Debug/pugixml-master/src/pugixml.o'
2017-01-02 23:52:46: == Sync Complete. Time: 00:00:00, Speed: 0 байт/s, OK: 34, Errors: 0
2017-01-02 23:52:47: -- Analysis Started by On File Change PostSync Re-Analyze
2017-01-02 23:52:47: Changes: 0, Conflicts: 0, CopyTime: 0, CopyState: 0/0, Errors: 0, All: 715
2017-01-02 23:52:47: -- Analysis Complete. Time 00:00:01, Speed: 386 files/s
2017-01-02 23:52:47: 
