2017-01-02 01:17:39: -- Analysis Started by On File Change Incremental
2017-01-02 01:17:39: Changes: 14, Conflicts: 0, CopyTime: 0, CopyState: 0/0, Errors: 0, All: 381
2017-01-02 01:17:39: Left to Right: Copy File: 4 Delete File: 10 
2017-01-02 01:17:39: == Sync Started by On File Change Incremental
2017-01-02 01:17:39: Delete File 'H:/GIT/MICO/bin/Debug/MiCo.exe'
2017-01-02 01:17:39: Delete File 'H:/GIT/MICO/obj/Debug/src/MCEngine.o'
2017-01-02 01:17:39: Delete File 'H:/GIT/MICO/obj/Debug/src/MCFParams.o'
2017-01-02 01:17:39: Delete File 'H:/GIT/MICO/obj/Debug/src/MCFTemplate.o'
2017-01-02 01:17:39: Delete File 'H:/GIT/MICO/obj/Debug/src/MCFunc.o'
2017-01-02 01:17:39: Delete File 'H:/GIT/MICO/obj/Debug/src/MCFuncLibCore.o'
2017-01-02 01:17:39: Delete File 'H:/GIT/MICO/obj/Debug/src/MCFuncRegister.o'
2017-01-02 01:17:39: Delete File 'H:/GIT/MICO/obj/Debug/src/MCRet.o'
2017-01-02 01:17:39: Delete File 'H:/GIT/MICO/obj/Debug/src/MCTextLine.o'
2017-01-02 01:17:39: Delete File 'H:/GIT/MICO/obj/Debug/src/MCVar.o'
2017-01-02 01:17:39: Copy Over 'H:/MyDOCS/c++/MiCo/obj/Debug/main.o' -> 'H:/GIT/MICO/obj/Debug/main.o'
2017-01-02 01:17:39: Copy Over 'H:/MyDOCS/c++/MiCo/obj/Debug/src/IMCFuncLib.o' -> 'H:/GIT/MICO/obj/Debug/src/IMCFuncLib.o'
2017-01-02 01:17:39: Copy Over 'H:/MyDOCS/c++/MiCo/obj/Debug/src/MCCodeLine.o' -> 'H:/GIT/MICO/obj/Debug/src/MCCodeLine.o'
2017-01-02 01:17:39: Copy Over 'H:/MyDOCS/c++/MiCo/obj/Debug/src/MCDataNode.o' -> 'H:/GIT/MICO/obj/Debug/src/MCDataNode.o'
2017-01-02 01:17:39: == Sync Complete. Time: 00:00:00, Speed: 0 байт/s, OK: 14, Errors: 0
2017-01-02 01:17:40: -- Analysis Started by On File Change PostSync Re-Analyze
2017-01-02 01:17:40: Changes: 0, Conflicts: 0, CopyTime: 0, CopyState: 0/0, Errors: 0, All: 381
2017-01-02 01:17:40: -- Analysis Complete. Time 00:00:01, Speed: 52 files/s
2017-01-02 01:17:40: 
