2017-01-02 11:06:57: -- Analysis Started by On File Change Incremental
2017-01-02 11:06:57: L: State File has changed, so re-read it: H:/MyDOCS/c++/MiCo/_gsdata_/_file_state_v4._gs
2017-01-02 11:06:57: Changes: 7, Conflicts: 0, CopyTime: 0, CopyState: 0/25, Errors: 0, All: 390
2017-01-02 11:06:57: Left to Right: Copy File: 7 
2017-01-02 11:06:57: == Sync Started by On File Change Incremental
2017-01-02 11:06:57: Create Folder 'H:/GIT/MICO/obj/Debug/MiCo'
2017-01-02 11:06:57: Create Folder 'H:/GIT/MICO/obj/Debug/MiCo/src'
2017-01-02 11:06:57: Create Folder 'H:/GIT/MICO/obj/Debug/pugixml-master'
2017-01-02 11:06:57: Create Folder 'H:/GIT/MICO/obj/Debug/pugixml-master/src'
2017-01-02 11:06:57: Copy Over 'H:/MyDOCS/c++/MiCo/MiCo.depend' -> 'H:/GIT/MICO/MiCo.depend'
2017-01-02 11:06:57: Copy New 'H:/MyDOCS/c++/MiCo/obj/Debug/pugixml-master/src/pugixml.o' -> 'H:/GIT/MICO/obj/Debug/pugixml-master/src/pugixml.o'
2017-01-02 11:06:57: Copy Over 'H:/MyDOCS/c++/MiCo/src/MCFuncLibCore.cpp' -> 'H:/GIT/MICO/src/MCFuncLibCore.cpp'
2017-01-02 11:06:57: == Sync Complete. Time: 00:00:00, Speed: 0 байт/s, OK: 32, Errors: 0
2017-01-02 11:06:58: -- Analysis Started by On File Change PostSync Re-Analyze
2017-01-02 11:06:58: Changes: 2, Conflicts: 0, CopyTime: 0, CopyState: 0/0, Errors: 0, All: 390
2017-01-02 11:06:58: Left to Right: Copy File: 2 
2017-01-02 11:06:58: == Sync Started by On File Change PostSync Re-Analyze
2017-01-02 11:06:58: Copy Over 'H:/MyDOCS/c++/MiCo/obj/Debug/main.o' -> 'H:/GIT/MICO/obj/Debug/main.o'
2017-01-02 11:06:58: Copy Over 'H:/MyDOCS/c++/MiCo/obj/Debug/pugixml-master/src/pugixml.o' -> 'H:/GIT/MICO/obj/Debug/pugixml-master/src/pugixml.o'
2017-01-02 11:06:58: == Sync Complete. Time: 00:00:00, Speed: 0 байт/s, OK: 2, Errors: 0
2017-01-02 11:06:58: 
