2017-01-02 23:16:37: -- Analysis Started by On File Change Incremental
2017-01-02 23:16:37: L: State File has changed, so re-read it: H:/MyDOCS/c++/MiCo/_gsdata_/_file_state_v4._gs
2017-01-02 23:16:37: /bin/Debug/MiCo.exe: Conflict: File Modified on Both Sides
2017-01-02 23:16:37: /obj/Debug/MiCo/src/MCEngine.o: Conflict: File Modified on Both Sides
2017-01-02 23:16:37: /src/MCEngine.cpp: Conflict: File Modified on Both Sides
2017-01-02 23:16:37: Changes: 11, Conflicts: 0, CopyTime: 0, CopyState: 0/16, Errors: 0, All: 715
2017-01-02 23:16:37: Left to Right: Copy File: 11 
2017-01-02 23:16:37: == Sync Started by On File Change Incremental
2017-01-02 23:16:37: Copy Over 'H:/MyDOCS/c++/MiCo/bin/Debug/MiCo.exe' -> 'H:/GIT/MICO/bin/Debug/MiCo.exe'
2017-01-02 23:16:37: Copy Over 'H:/MyDOCS/c++/MiCo/obj/Debug/MiCo/src/MCEngine.o' -> 'H:/GIT/MICO/obj/Debug/MiCo/src/MCEngine.o'
2017-01-02 23:16:37: Copy Over 'H:/MyDOCS/c++/MiCo/obj/Debug/MiCo/src/MCFParams.o' -> 'H:/GIT/MICO/obj/Debug/MiCo/src/MCFParams.o'
2017-01-02 23:16:37: Copy Over 'H:/MyDOCS/c++/MiCo/obj/Debug/MiCo/src/MCFTemplate.o' -> 'H:/GIT/MICO/obj/Debug/MiCo/src/MCFTemplate.o'
2017-01-02 23:16:37: Copy Over 'H:/MyDOCS/c++/MiCo/obj/Debug/MiCo/src/MCFunc.o' -> 'H:/GIT/MICO/obj/Debug/MiCo/src/MCFunc.o'
2017-01-02 23:16:37: Copy Over 'H:/MyDOCS/c++/MiCo/obj/Debug/MiCo/src/MCFuncLibCore.o' -> 'H:/GIT/MICO/obj/Debug/MiCo/src/MCFuncLibCore.o'
2017-01-02 23:16:37: Copy Over 'H:/MyDOCS/c++/MiCo/obj/Debug/MiCo/src/MCFuncRegister.o' -> 'H:/GIT/MICO/obj/Debug/MiCo/src/MCFuncRegister.o'
2017-01-02 23:16:37: Copy Over 'H:/MyDOCS/c++/MiCo/obj/Debug/MiCo/src/MCRet.o' -> 'H:/GIT/MICO/obj/Debug/MiCo/src/MCRet.o'
2017-01-02 23:16:37: Copy Over 'H:/MyDOCS/c++/MiCo/obj/Debug/MiCo/src/MCVar.o' -> 'H:/GIT/MICO/obj/Debug/MiCo/src/MCVar.o'
2017-01-02 23:16:37: Copy Over 'H:/MyDOCS/c++/MiCo/obj/Debug/MiCo/src/MCXMLEngine.o' -> 'H:/GIT/MICO/obj/Debug/MiCo/src/MCXMLEngine.o'
2017-01-02 23:16:37: Copy Over 'H:/MyDOCS/c++/MiCo/src/MCEngine.cpp' -> 'H:/GIT/MICO/src/MCEngine.cpp'
2017-01-02 23:16:37: == Sync Complete. Time: 00:00:00, Speed: 0 байт/s, OK: 27, Errors: 0
2017-01-02 23:16:38: -- Analysis Started by On File Change PostSync Re-Analyze
2017-01-02 23:16:38: Changes: 0, Conflicts: 0, CopyTime: 0, CopyState: 0/0, Errors: 0, All: 715
2017-01-02 23:16:38: -- Analysis Complete. Time 00:00:01, Speed: 400 files/s
2017-01-02 23:16:38: 
